{"timestamp":"2026-06-14T05:47:18.424Z","method":"OPTIONS","route":"/api/v1/subjects?department=ALL&all=true","statusCode":204,"hashedIp":"eff8e7ca506627fe","userId":"anonymous","trustScore":100,"durationMs":8}
{"timestamp":"2026-06-14T05:47:19.676Z","method":"GET","route":"/api/v1/subjects?department=ALL&all=true","statusCode":200,"hashedIp":"eff8e7ca506627fe","userId":"admin-bypass-id","trustScore":100,"durationMs":1242}
{"timestamp":"2026-06-14T05:47:28.387Z","method":"OPTIONS","route":"/api/v1/presence/heartbeat","statusCode":204,"hashedIp":"eff8e7ca506627fe","userId":"anonymous","trustScore":100,"durationMs":1}
{"timestamp":"2026-06-14T05:47:29.976Z","method":"POST","route":"/api/v1/presence/heartbeat","statusCode":401,"hashedIp":"eff8e7ca506627fe","userId":"anonymous","trustScore":100,"durationMs":1587}
{"timestamp":"2026-06-14T05:47:39.072Z","method":"OPTIONS","route":"/api/v1/posts","statusCode":204,"hashedIp":"eff8e7ca506627fe","userId":"anonymous","trustScore":100,"durationMs":1}
{"timestamp":"2026-06-14T05:47:39.073Z","method":"OPTIONS","route":"/api/v1/posts","statusCode":204,"hashedIp":"eff8e7ca506627fe","userId":"anonymous","trustScore":100,"durationMs":0}
{"timestamp":"2026-06-14T05:47:40.442Z","method":"GET","route":"/api/v1/posts","statusCode":200,"hashedIp":"eff8e7ca506627fe","userId":"admin-bypass-id","trustScore":100,"durationMs":1366}
{"timestamp":"2026-06-14T05:47:40.760Z","method":"GET","route":"/api/v1/posts","statusCode":304,"hashedIp":"eff8e7ca506627fe","userId":"admin-bypass-id","trustScore":100,"durationMs":315}
{"timestamp":"2026-06-14T05:48:05.779Z","method":"GET","route":"/api/v1/subjects?department=ALL&all=true","statusCode":304,"hashedIp":"eff8e7ca506627fe","userId":"admin-bypass-id","trustScore":100,"durationMs":1427}
{"timestamp":"2026-06-14T05:48:06.251Z","method":"GET","route":"/api/v1/posts","statusCode":304,"hashedIp":"eff8e7ca506627fe","userId":"admin-bypass-id","trustScore":100,"durationMs":348}
{"timestamp":"2026-06-14T05:48:06.646Z","method":"GET","route":"/api/v1/posts","statusCode":304,"hashedIp":"eff8e7ca506627fe","userId":"admin-bypass-id","trustScore":100,"durationMs":392}
{"timestamp":"2026-06-14T05:48:15.653Z","method":"POST","route":"/api/v1/presence/heartbeat","statusCode":401,"hashedIp":"eff8e7ca506627fe","userId":"anonymous","trustScore":100,"durationMs":1365}
{"timestamp":"2026-06-14T05:49:13.359Z","method":"POST","route":"/api/v1/presence/heartbeat","statusCode":401,"hashedIp":"eff8e7ca506627fe","userId":"anonymous","trustScore":100,"durationMs":1418}
{"timestamp":"2026-06-14T05:50:04.265Z","method":"POST","route":"/api/v1/presence/heartbeat","statusCode":401,"hashedIp":"eff8e7ca506627fe","userId":"anonymous","trustScore":100,"durationMs":1652}
{"timestamp":"2026-06-14T05:51:01.078Z","method":"POST","route":"/api/v1/presence/heartbeat","statusCode":401,"hashedIp":"eff8e7ca506627fe","userId":"anonymous","trustScore":100,"durationMs":1340}
{"timestamp":"2026-06-14T05:51:33.395Z","method":"POST","route":"/api/v1/presence/heartbeat","statusCode":401,"hashedIp":"eff8e7ca506627fe","userId":"anonymous","trustScore":100,"durationMs":1631}
{"timestamp":"2026-06-14T05:52:10.514Z","method":"POST","route":"/api/v1/presence/heartbeat","statusCode":401,"hashedIp":"eff8e7ca506627fe","userId":"anonymous","trustScore":100,"durationMs":1123}
{"timestamp":"2026-06-14T05:53:19.452Z","method":"POST","route":"/api/v1/presence/heartbeat","statusCode":401,"hashedIp":"eff8e7ca506627fe","userId":"anonymous","trustScore":100,"durationMs":1324}
{"timestamp":"2026-06-14T05:53:36.016Z","method":"POST","route":"/api/v1/presence/heartbeat","statusCode":401,"hashedIp":"eff8e7ca506627fe","userId":"anonymous","trustScore":100,"durationMs":958}
{"timestamp":"2026-06-14T05:54:17.848Z","method":"POST","route":"/api/v1/presence/heartbeat","statusCode":401,"hashedIp":"eff8e7ca506627fe","userId":"anonymous","trustScore":100,"durationMs":1364}
{"timestamp":"2026-06-14T05:55:00.954Z","method":"POST","route":"/api/v1/presence/heartbeat","statusCode":401,"hashedIp":"eff8e7ca506627fe","userId":"anonymous","trustScore":100,"durationMs":1637}
{"timestamp":"2026-06-14T05:55:48.278Z","method":"POST","route":"/api/v1/presence/heartbeat","statusCode":401,"hashedIp":"eff8e7ca506627fe","userId":"anonymous","trustScore":100,"durationMs":1315}
{"timestamp":"2026-06-14T05:56:26.084Z","method":"GET","route":"/api/v1/subjects?department=ALL&all=true","statusCode":304,"hashedIp":"eff8e7ca506627fe","userId":"admin-bypass-id","trustScore":100,"durationMs":1344}
{"timestamp":"2026-06-14T05:56:26.767Z","method":"GET","route":"/api/v1/subjects?department=ALL&all=true","statusCode":304,"hashedIp":"eff8e7ca506627fe","userId":"admin-bypass-id","trustScore":100,"durationMs":665}
{"timestamp":"2026-06-14T05:56:28.347Z","method":"GET","route":"/api/v1/posts","statusCode":304,"hashedIp":"eff8e7ca506627fe","userId":"admin-bypass-id","trustScore":100,"durationMs":490}
{"timestamp":"2026-06-14T05:56:28.730Z","method":"GET","route":"/api/v1/posts","statusCode":304,"hashedIp":"eff8e7ca506627fe","userId":"admin-bypass-id","trustScore":100,"durationMs":338}
{"timestamp":"2026-06-14T05:56:29.967Z","method":"POST","route":"/api/v1/presence/heartbeat","statusCode":401,"hashedIp":"eff8e7ca506627fe","userId":"anonymous","trustScore":100,"durationMs":456}
{"timestamp":"2026-06-14T05:56:59.363Z","method":"OPTIONS","route":"/api/v1/presence/heartbeat?offline=true","statusCode":204,"hashedIp":"eff8e7ca506627fe","userId":"anonymous","trustScore":100,"durationMs":5}
{"timestamp":"2026-06-14T05:57:00.703Z","method":"POST","route":"/api/v1/presence/heartbeat?offline=true","statusCode":401,"hashedIp":"eff8e7ca506627fe","userId":"anonymous","trustScore":100,"durationMs":1308}
{"timestamp":"2026-06-14T06:09:35.225Z","method":"OPTIONS","route":"/api/v1/subjects?department=ALL&all=true","statusCode":204,"hashedIp":"eff8e7ca506627fe","userId":"anonymous","trustScore":100,"durationMs":109}
{"timestamp":"2026-06-14T06:09:37.783Z","method":"GET","route":"/api/v1/subjects?department=ALL&all=true","statusCode":200,"hashedIp":"eff8e7ca506627fe","userId":"aa1aaed8-275c-47f2-92b9-64996d89ebe5","trustScore":100,"durationMs":2496}
{"timestamp":"2026-06-14T06:09:44.678Z","method":"OPTIONS","route":"/api/v1/presence/heartbeat","statusCode":204,"hashedIp":"eff8e7ca506627fe","userId":"anonymous","trustScore":100,"durationMs":16}
{"timestamp":"2026-06-14T06:09:46.592Z","method":"POST","route":"/api/v1/presence/heartbeat","statusCode":200,"hashedIp":"eff8e7ca506627fe","userId":"anonymous","trustScore":100,"durationMs":1876}
{"timestamp":"2026-06-14T06:10:31.375Z","method":"POST","route":"/api/v1/presence/heartbeat","statusCode":200,"hashedIp":"eff8e7ca506627fe","userId":"anonymous","trustScore":100,"durationMs":1786}
{"timestamp":"2026-06-14T06:11:03.944Z","method":"OPTIONS","route":"/api/v1/posts","statusCode":204,"hashedIp":"eff8e7ca506627fe","userId":"anonymous","trustScore":100,"durationMs":10}
{"timestamp":"2026-06-14T06:11:03.951Z","method":"OPTIONS","route":"/api/v1/posts","statusCode":204,"hashedIp":"eff8e7ca506627fe","userId":"anonymous","trustScore":100,"durationMs":1}
{"timestamp":"2026-06-14T06:11:04.903Z","method":"GET","route":"/api/v1/posts","statusCode":304,"hashedIp":"eff8e7ca506627fe","userId":"aa1aaed8-275c-47f2-92b9-64996d89ebe5","trustScore":100,"durationMs":927}
{"timestamp":"2026-06-14T06:11:05.226Z","method":"GET","route":"/api/v1/posts","statusCode":304,"hashedIp":"eff8e7ca506627fe","userId":"aa1aaed8-275c-47f2-92b9-64996d89ebe5","trustScore":100,"durationMs":320}
{"timestamp":"2026-06-14T06:11:15.560Z","method":"POST","route":"/api/v1/presence/heartbeat","statusCode":200,"hashedIp":"eff8e7ca506627fe","userId":"anonymous","trustScore":100,"durationMs":1006}
{"timestamp":"2026-06-14T06:12:05.157Z","method":"POST","route":"/api/v1/presence/heartbeat","statusCode":200,"hashedIp":"eff8e7ca506627fe","userId":"anonymous","trustScore":100,"durationMs":1476}
{"timestamp":"2026-06-14T06:12:47.202Z","method":"POST","route":"/api/v1/presence/heartbeat","statusCode":200,"hashedIp":"eff8e7ca506627fe","userId":"anonymous","trustScore":100,"durationMs":715}
{"timestamp":"2026-06-14T06:13:30.754Z","method":"POST","route":"/api/v1/presence/heartbeat","statusCode":200,"hashedIp":"eff8e7ca506627fe","userId":"anonymous","trustScore":100,"durationMs":1227}
{"timestamp":"2026-06-14T06:13:59.045Z","method":"GET","route":"/api/v1/subjects?department=ALL&all=true","statusCode":304,"hashedIp":"eff8e7ca506627fe","userId":"aa1aaed8-275c-47f2-92b9-64996d89ebe5","trustScore":100,"durationMs":1144}
{"timestamp":"2026-06-14T06:13:59.607Z","method":"GET","route":"/api/v1/posts","statusCode":304,"hashedIp":"eff8e7ca506627fe","userId":"aa1aaed8-275c-47f2-92b9-64996d89ebe5","trustScore":100,"durationMs":378}
{"timestamp":"2026-06-14T06:13:59.673Z","method":"GET","route":"/api/v1/subjects?department=ALL&all=true","statusCode":304,"hashedIp":"eff8e7ca506627fe","userId":"aa1aaed8-275c-47f2-92b9-64996d89ebe5","trustScore":100,"durationMs":625}
{"timestamp":"2026-06-14T06:13:59.916Z","method":"GET","route":"/api/v1/posts","statusCode":304,"hashedIp":"eff8e7ca506627fe","userId":"aa1aaed8-275c-47f2-92b9-64996d89ebe5","trustScore":100,"durationMs":299}
{"timestamp":"2026-06-14T06:14:09.136Z","method":"OPTIONS","route":"/api/v1/presence/heartbeat?offline=true","statusCode":204,"hashedIp":"eff8e7ca506627fe","userId":"anonymous","trustScore":100,"durationMs":1}
{"timestamp":"2026-06-14T06:14:09.998Z","method":"POST","route":"/api/v1/presence/heartbeat?offline=true","statusCode":200,"hashedIp":"eff8e7ca506627fe","userId":"anonymous","trustScore":100,"durationMs":858}
{"timestamp":"2026-06-14T06:15:19.512Z","method":"GET","route":"/api/v1/subjects?department=ALL&all=true","statusCode":304,"hashedIp":"eff8e7ca506627fe","userId":"aa1aaed8-275c-47f2-92b9-64996d89ebe5","trustScore":100,"durationMs":1069}
{"timestamp":"2026-06-14T06:15:20.000Z","method":"GET","route":"/api/v1/posts","statusCode":304,"hashedIp":"eff8e7ca506627fe","userId":"aa1aaed8-275c-47f2-92b9-64996d89ebe5","trustScore":100,"durationMs":274}
{"timestamp":"2026-06-14T06:15:20.251Z","method":"GET","route":"/api/v1/posts","statusCode":304,"hashedIp":"eff8e7ca506627fe","userId":"aa1aaed8-275c-47f2-92b9-64996d89ebe5","trustScore":100,"durationMs":246}
{"timestamp":"2026-06-14T06:15:29.038Z","method":"POST","route":"/api/v1/presence/heartbeat","statusCode":200,"hashedIp":"eff8e7ca506627fe","userId":"anonymous","trustScore":100,"durationMs":705}
{"timestamp":"2026-06-14T06:16:24.559Z","method":"POST","route":"/api/v1/presence/heartbeat","statusCode":200,"hashedIp":"eff8e7ca506627fe","userId":"anonymous","trustScore":100,"durationMs":1524}
{"timestamp":"2026-06-14T06:16:54.134Z","method":"GET","route":"/api/v1/subjects?department=ALL&all=true","statusCode":304,"hashedIp":"eff8e7ca506627fe","userId":"aa1aaed8-275c-47f2-92b9-64996d89ebe5","trustScore":100,"durationMs":917}
{"timestamp":"2026-06-14T06:16:54.709Z","method":"GET","route":"/api/v1/subjects?department=ALL&all=true","statusCode":304,"hashedIp":"eff8e7ca506627fe","userId":"aa1aaed8-275c-47f2-92b9-64996d89ebe5","trustScore":100,"durationMs":571}
{"timestamp":"2026-06-14T06:16:54.819Z","method":"GET","route":"/api/v1/posts","statusCode":304,"hashedIp":"eff8e7ca506627fe","userId":"aa1aaed8-275c-47f2-92b9-64996d89ebe5","trustScore":100,"durationMs":475}
{"timestamp":"2026-06-14T06:16:55.192Z","method":"GET","route":"/api/v1/posts","statusCode":304,"hashedIp":"eff8e7ca506627fe","userId":"aa1aaed8-275c-47f2-92b9-64996d89ebe5","trustScore":100,"durationMs":370}
{"timestamp":"2026-06-14T06:16:59.106Z","method":"POST","route":"/api/v1/presence/heartbeat","statusCode":200,"hashedIp":"eff8e7ca506627fe","userId":"anonymous","trustScore":100,"durationMs":772}
{"timestamp":"2026-06-14T06:17:12.442Z","method":"POST","route":"/api/v1/presence/heartbeat?offline=true","statusCode":200,"hashedIp":"eff8e7ca506627fe","userId":"anonymous","trustScore":100,"durationMs":904}
{"timestamp":"2026-06-14T06:19:58.069Z","method":"GET","route":"/api/v1/subjects?department=ALL&all=true","statusCode":304,"hashedIp":"eff8e7ca506627fe","userId":"aa1aaed8-275c-47f2-92b9-64996d89ebe5","trustScore":100,"durationMs":1062}
{"timestamp":"2026-06-14T06:19:58.544Z","method":"GET","route":"/api/v1/posts","statusCode":304,"hashedIp":"eff8e7ca506627fe","userId":"aa1aaed8-275c-47f2-92b9-64996d89ebe5","trustScore":100,"durationMs":350}
{"timestamp":"2026-06-14T06:19:59.094Z","method":"GET","route":"/api/v1/posts","statusCode":304,"hashedIp":"eff8e7ca506627fe","userId":"aa1aaed8-275c-47f2-92b9-64996d89ebe5","trustScore":100,"durationMs":548}
{"timestamp":"2026-06-14T06:20:07.657Z","method":"POST","route":"/api/v1/presence/heartbeat","statusCode":200,"hashedIp":"eff8e7ca506627fe","userId":"anonymous","trustScore":100,"durationMs":696}
{"timestamp":"2026-06-14T06:21:02.850Z","method":"POST","route":"/api/v1/presence/heartbeat","statusCode":200,"hashedIp":"eff8e7ca506627fe","userId":"anonymous","trustScore":100,"durationMs":10890}
{"timestamp":"2026-06-14T06:21:42.027Z","method":"POST","route":"/api/v1/presence/heartbeat","statusCode":200,"hashedIp":"eff8e7ca506627fe","userId":"anonymous","trustScore":100,"durationMs":1110}
{"timestamp":"2026-06-14T06:22:22.905Z","method":"POST","route":"/api/v1/presence/heartbeat","statusCode":200,"hashedIp":"eff8e7ca506627fe","userId":"anonymous","trustScore":100,"durationMs":942}
{"timestamp":"2026-06-14T06:22:37.224Z","method":"POST","route":"/api/v1/presence/heartbeat","statusCode":200,"hashedIp":"eff8e7ca506627fe","userId":"anonymous","trustScore":100,"durationMs":765}
{"timestamp":"2026-06-14T06:23:22.317Z","method":"POST","route":"/api/v1/presence/heartbeat","statusCode":200,"hashedIp":"eff8e7ca506627fe","userId":"anonymous","trustScore":100,"durationMs":1098}
{"timestamp":"2026-06-14T06:24:06.931Z","method":"POST","route":"/api/v1/presence/heartbeat","statusCode":200,"hashedIp":"eff8e7ca506627fe","userId":"anonymous","trustScore":100,"durationMs":712}
{"timestamp":"2026-06-14T06:24:51.159Z","method":"GET","route":"/api/v1/subjects?department=ALL&all=true","statusCode":304,"hashedIp":"eff8e7ca506627fe","userId":"aa1aaed8-275c-47f2-92b9-64996d89ebe5","trustScore":100,"durationMs":1197}
{"timestamp":"2026-06-14T06:24:51.696Z","method":"POST","route":"/api/v1/presence/heartbeat","statusCode":200,"hashedIp":"eff8e7ca506627fe","userId":"anonymous","trustScore":100,"durationMs":467}
{"timestamp":"2026-06-14T06:24:52.174Z","method":"GET","route":"/api/v1/posts","statusCode":304,"hashedIp":"eff8e7ca506627fe","userId":"aa1aaed8-275c-47f2-92b9-64996d89ebe5","trustScore":100,"durationMs":621}
{"timestamp":"2026-06-14T06:24:52.361Z","method":"GET","route":"/api/v1/subjects?department=ALL&all=true","statusCode":304,"hashedIp":"eff8e7ca506627fe","userId":"aa1aaed8-275c-47f2-92b9-64996d89ebe5","trustScore":100,"durationMs":1199}
{"timestamp":"2026-06-14T06:24:52.498Z","method":"GET","route":"/api/v1/posts","statusCode":304,"hashedIp":"eff8e7ca506627fe","userId":"aa1aaed8-275c-47f2-92b9-64996d89ebe5","trustScore":100,"durationMs":321}
{"timestamp":"2026-06-14T06:25:04.252Z","method":"POST","route":"/api/v1/presence/heartbeat?offline=true","statusCode":200,"hashedIp":"eff8e7ca506627fe","userId":"anonymous","trustScore":100,"durationMs":762}
{"timestamp":"2026-06-14T06:27:16.118Z","method":"GET","route":"/api/v1/subjects?department=ALL&all=true","statusCode":304,"hashedIp":"eff8e7ca506627fe","userId":"aa1aaed8-275c-47f2-92b9-64996d89ebe5","trustScore":100,"durationMs":963}
{"timestamp":"2026-06-14T06:27:16.622Z","method":"GET","route":"/api/v1/posts","statusCode":304,"hashedIp":"eff8e7ca506627fe","userId":"aa1aaed8-275c-47f2-92b9-64996d89ebe5","trustScore":100,"durationMs":341}
{"timestamp":"2026-06-14T06:27:16.940Z","method":"GET","route":"/api/v1/posts","statusCode":304,"hashedIp":"eff8e7ca506627fe","userId":"aa1aaed8-275c-47f2-92b9-64996d89ebe5","trustScore":100,"durationMs":316}
{"timestamp":"2026-06-14T06:27:26.407Z","method":"POST","route":"/api/v1/presence/heartbeat","statusCode":200,"hashedIp":"eff8e7ca506627fe","userId":"anonymous","trustScore":100,"durationMs":1294}
{"timestamp":"2026-06-14T06:28:11.028Z","method":"POST","route":"/api/v1/presence/heartbeat","statusCode":200,"hashedIp":"eff8e7ca506627fe","userId":"anonymous","trustScore":100,"durationMs":926}
{"timestamp":"2026-06-14T06:28:56.246Z","method":"POST","route":"/api/v1/presence/heartbeat","statusCode":200,"hashedIp":"eff8e7ca506627fe","userId":"anonymous","trustScore":100,"durationMs":1146}
{"timestamp":"2026-06-14T06:29:41.345Z","method":"POST","route":"/api/v1/presence/heartbeat","statusCode":200,"hashedIp":"eff8e7ca506627fe","userId":"anonymous","trustScore":100,"durationMs":1245}
{"timestamp":"2026-06-14T06:30:26.266Z","method":"POST","route":"/api/v1/presence/heartbeat","statusCode":200,"hashedIp":"eff8e7ca506627fe","userId":"anonymous","trustScore":100,"durationMs":1164}
{"timestamp":"2026-06-14T06:31:07.372Z","method":"POST","route":"/api/v1/presence/heartbeat","statusCode":200,"hashedIp":"eff8e7ca506627fe","userId":"anonymous","trustScore":100,"durationMs":954}
{"timestamp":"2026-06-14T06:31:07.436Z","method":"GET","route":"/api/v1/subjects?department=ALL&all=true","statusCode":304,"hashedIp":"eff8e7ca506627fe","userId":"aa1aaed8-275c-47f2-92b9-64996d89ebe5","trustScore":100,"durationMs":803}
{"timestamp":"2026-06-14T06:31:07.862Z","method":"GET","route":"/api/v1/subjects?department=ALL&all=true","statusCode":304,"hashedIp":"eff8e7ca506627fe","userId":"aa1aaed8-275c-47f2-92b9-64996d89ebe5","trustScore":100,"durationMs":424}
{"timestamp":"2026-06-14T06:31:08.866Z","method":"GET","route":"/api/v1/posts","statusCode":304,"hashedIp":"eff8e7ca506627fe","userId":"aa1aaed8-275c-47f2-92b9-64996d89ebe5","trustScore":100,"durationMs":438}
{"timestamp":"2026-06-14T06:31:09.262Z","method":"GET","route":"/api/v1/posts","statusCode":304,"hashedIp":"eff8e7ca506627fe","userId":"aa1aaed8-275c-47f2-92b9-64996d89ebe5","trustScore":100,"durationMs":384}
{"timestamp":"2026-06-14T06:31:17.509Z","method":"POST","route":"/api/v1/presence/heartbeat?offline=true","statusCode":200,"hashedIp":"eff8e7ca506627fe","userId":"anonymous","trustScore":100,"durationMs":929}
{"timestamp":"2026-06-14T06:32:10.304Z","method":"POST","route":"/api/v1/presence/heartbeat","statusCode":200,"hashedIp":"eff8e7ca506627fe","userId":"anonymous","trustScore":100,"durationMs":563}
{"timestamp":"2026-06-14T06:32:10.348Z","method":"GET","route":"/api/v1/subjects?department=ALL&all=true","statusCode":304,"hashedIp":"eff8e7ca506627fe","userId":"aa1aaed8-275c-47f2-92b9-64996d89ebe5","trustScore":100,"durationMs":1091}
{"timestamp":"2026-06-14T06:32:10.770Z","method":"GET","route":"/api/v1/posts","statusCode":304,"hashedIp":"eff8e7ca506627fe","userId":"aa1aaed8-275c-47f2-92b9-64996d89ebe5","trustScore":100,"durationMs":296}
{"timestamp":"2026-06-14T06:32:11.070Z","method":"GET","route":"/api/v1/posts","statusCode":304,"hashedIp":"eff8e7ca506627fe","userId":"aa1aaed8-275c-47f2-92b9-64996d89ebe5","trustScore":100,"durationMs":298}
{"timestamp":"2026-06-14T06:33:04.053Z","method":"POST","route":"/api/v1/presence/heartbeat","statusCode":200,"hashedIp":"eff8e7ca506627fe","userId":"anonymous","trustScore":100,"durationMs":1264}
{"timestamp":"2026-06-14T06:33:39.959Z","method":"POST","route":"/api/v1/presence/heartbeat","statusCode":200,"hashedIp":"eff8e7ca506627fe","userId":"anonymous","trustScore":100,"durationMs":701}
{"timestamp":"2026-06-14T06:34:25.266Z","method":"POST","route":"/api/v1/presence/heartbeat","statusCode":200,"hashedIp":"eff8e7ca506627fe","userId":"anonymous","trustScore":100,"durationMs":1007}
{"timestamp":"2026-06-14T06:35:10.458Z","method":"POST","route":"/api/v1/presence/heartbeat","statusCode":200,"hashedIp":"eff8e7ca506627fe","userId":"anonymous","trustScore":100,"durationMs":884}
{"timestamp":"2026-06-14T06:36:00.201Z","method":"POST","route":"/api/v1/presence/heartbeat","statusCode":200,"hashedIp":"eff8e7ca506627fe","userId":"anonymous","trustScore":100,"durationMs":997}
{"timestamp":"2026-06-14T06:36:41.242Z","method":"POST","route":"/api/v1/presence/heartbeat","statusCode":200,"hashedIp":"eff8e7ca506627fe","userId":"anonymous","trustScore":100,"durationMs":1213}
{"timestamp":"2026-06-14T06:37:21.357Z","method":"GET","route":"/api/v1/subjects?department=ALL&all=true","statusCode":304,"hashedIp":"eff8e7ca506627fe","userId":"aa1aaed8-275c-47f2-92b9-64996d89ebe5","trustScore":100,"durationMs":1141}
{"timestamp":"2026-06-14T06:37:22.176Z","method":"GET","route":"/api/v1/subjects?department=ALL&all=true","statusCode":304,"hashedIp":"eff8e7ca506627fe","userId":"aa1aaed8-275c-47f2-92b9-64996d89ebe5","trustScore":100,"durationMs":817}
{"timestamp":"2026-06-14T06:37:22.283Z","method":"GET","route":"/api/v1/posts","statusCode":304,"hashedIp":"eff8e7ca506627fe","userId":"aa1aaed8-275c-47f2-92b9-64996d89ebe5","trustScore":100,"durationMs":512}
{"timestamp":"2026-06-14T06:37:22.616Z","method":"GET","route":"/api/v1/posts","statusCode":304,"hashedIp":"eff8e7ca506627fe","userId":"aa1aaed8-275c-47f2-92b9-64996d89ebe5","trustScore":100,"durationMs":331}
{"timestamp":"2026-06-14T06:37:25.452Z","method":"POST","route":"/api/v1/presence/heartbeat","statusCode":200,"hashedIp":"eff8e7ca506627fe","userId":"anonymous","trustScore":100,"durationMs":482}
{"timestamp":"2026-06-14T06:37:35.002Z","method":"POST","route":"/api/v1/presence/heartbeat?offline=true","statusCode":200,"hashedIp":"eff8e7ca506627fe","userId":"anonymous","trustScore":100,"durationMs":802}
